+ ld obj/kern/kernel
ld: warning: section `.bss' type changed to PROGBITS
+ mk obj/kern/kernel.img

(process:68757): GLib-WARNING **: /build/glib2.0-XBSKIw/glib2.0-2.48.2/./glib/gmem.c:483: custom memory allocation vtable not supported

(process:68759): GLib-WARNING **: /build/glib2.0-XBSKIw/glib2.0-2.48.2/./glib/gmem.c:483: custom memory allocation vtable not supported
6828 decimal is 15254 octal!
Physical memory: 66556K available, base = 640K, extended = 65532K
npages is 16639,npages_basemem is 160
kern_pgdir  is f017e000
[PDX(UVPT)] is 957
PADDR(kern_pgdir) is 0x17e000
boot_alloc(0) is f01b8000
 npages_basemem + num_iohole + num_alloc is 696
check_page_free_list() succeeded!
check_page_alloc() succeeded!
haven't room to alloc page
haven't room to alloc page
check_page() succeeded!
check_kern_pgdir() succeeded!
check_page_free_list() succeeded!
check_page_installed_pgdir() succeeded!
[00000000] new env 00001000
Incoming TRAP frame at 0xefffffbc
Incoming TRAP frame at 0xefffffbc
[00001000] user_mem_check assertion failure for va f010000c
[00001000] free env 00001000
Destroyed the only environment - nothing more to do!
Welcome to the JOS kernel monitor!
Type 'help' for a list of commands.
qemu: terminating on signal 15 from pid 68661
